Arguments: 
  C:\Program Files\nodejs\node.exe C:\Users\User\AppData\Roaming\npm\node_modules\yarn\bin\yarn.js add toastr

PATH: 
  C:\Python311\Scripts\;C:\Python311\;C:\Program Files\Common Files\Oracle\Java\javapath;C:\WINDOWS\system32;C:\WINDOWS;C:\WINDOWS\System32\Wbem;C:\WINDOWS\System32\WindowsPowerShell\v1.0\;C:\WINDOWS\System32\OpenSSH\;C:\Program Files\Git\cmd;C:\Program Files\Java\jdk-20\bin;C:\Program Files\nodejs\;C:\ProgramData\chocolatey\bin;C:\ProgramData\ComposerSetup\bin;D:\xampp8.2.12\php;C:\Users\User\AppData\Local\Microsoft\WindowsApps;C:\Users\User\AppData\Roaming\Composer\vendor\bin;C:\Users\User\AppData\Local\Programs\Microsoft VS Code\bin;C:\Users\User\AppData\Roaming\npm

Yarn version: 
  1.22.19

Node version: 
  18.17.1

Platform: 
  win32 x64

Trace: 
  Error: EPERM: operation not permitted, unlink 'D:\vh\mazadev2\node_modules\@esbuild\win32-x64\esbuild.exe'

npm manifest: 
  {
      "private": true,
      "type": "module",
      "scripts": {
          "dev": "vite",
          "build": "vite build"
      },
      "devDependencies": {
          "@popperjs/core": "^2.11.6",
          "axios": "^1.1.2",
          "bootstrap": "^5.2.3",
          "laravel-vite-plugin": "^0.8.0",
          "sass": "^1.56.1",
          "vite": "^4.0.0"
      },
      "dependencies": {
          "toastr": "^2.1.4"
      }
  }

yarn manifest: 
  No manifest

Lockfile: 
  No lockfile
